<?xml version="1.0" encoding="UTF-8"?>
<!-- Generated by org.testng.reporters.JUnitReportReporter -->
<testsuite hostname="LAPTOP-H519OSTH" failures="0" tests="1" name="tests.ProvideInformation" time="0.000" errors="0" timestamp="2023-03-22T17:03:04 BDT" skipped="1">
  <testcase classname="tests.ProvideInformation" name="provideInfo" time="0.000">
    <skipped/>
  </testcase> <!-- provideInfo -->
  <system-out/>
</testsuite> <!-- tests.ProvideInformation -->
